admin-panel/android/app/build/intermediates/manifest_merge_blame_file/debug/manifest-merger-blame-debug-report.txt
1<?xml version="1.0" encoding="utf-8"?>
2<manifest xmlns:android="http://schemas.android.com/apk/res/android"
3    package="com.rideeasy.admin"
4    android:versionCode="1"
5    android:versionName="1.0" >
6
7    <uses-sdk
8        android:minSdkVersion="22"
9        android:targetSdkVersion="34" />
10
11    <!-- Permissions -->
12
13    <uses-permission android:name="android.permission.INTERNET" />
13-->src/main/AndroidManifest.xml:41:5-67
13-->src/main/AndroidManifest.xml:41:22-64
14    <uses-permission android:name="android.permission.ACCESS_NETWORK_STATE" />
14-->[com.google.mlkit:translate:17.0.2] AndroidManifest.xml:7:5-79
14-->[com.google.mlkit:translate:17.0.2] AndroidManifest.xml:7:22-76
15
16    <permission
16-->[androidx.core:core:1.12.0] AndroidManifest.xml:22:5-24:47
17        android:name="com.rideeasy.admin.DYNAMIC_RECEIVER_NOT_EXPORTED_PERMISSION"
17-->[androidx.core:core:1.12.0] AndroidManifest.xml:23:9-81
18        android:protectionLevel="signature" />
18-->[androidx.core:core:1.12.0] AndroidManifest.xml:24:9-44
19
20    <uses-permission android:name="com.rideeasy.admin.DYNAMIC_RECEIVER_NOT_EXPORTED_PERMISSION" />
20-->[androidx.core:core:1.12.0] AndroidManifest.xml:26:5-97
20-->[androidx.core:core:1.12.0] AndroidManifest.xml:26:22-94
21
22    <application
22-->src/main/AndroidManifest.xml:4:5-37:19
23        android:name="com.rideeasy.admin.RideEasyApplication"
23-->src/main/AndroidManifest.xml:5:9-44
24        android:allowBackup="true"
24-->src/main/AndroidManifest.xml:6:9-35
25        android:appComponentFactory="androidx.core.app.CoreComponentFactory"
25-->[androidx.core:core:1.12.0] AndroidManifest.xml:28:18-86
26        android:debuggable="true"
27        android:extractNativeLibs="true"
28        android:icon="@mipmap/ic_launcher"
28-->src/main/AndroidManifest.xml:7:9-43
29        android:label="@string/app_name"
29-->src/main/AndroidManifest.xml:8:9-41
30        android:roundIcon="@mipmap/ic_launcher_round"
30-->src/main/AndroidManifest.xml:9:9-54
31        android:supportsRtl="true"
31-->src/main/AndroidManifest.xml:10:9-35
32        android:theme="@style/AppTheme"
32-->src/main/AndroidManifest.xml:11:9-40
33        android:usesCleartextTraffic="true" >
33-->[:capacitor-cordova-android-plugins] AndroidManifest.xml:8:18-53
34        <activity
34-->src/main/AndroidManifest.xml:13:9-26:20
35            android:name="com.rideeasy.admin.MainActivity"
35-->src/main/AndroidManifest.xml:15:13-41
36            android:configChanges="orientation|keyboardHidden|keyboard|screenSize|locale|smallestScreenSize|screenLayout|uiMode"
36-->src/main/AndroidManifest.xml:14:13-129
37            android:exported="true"
37-->src/main/AndroidManifest.xml:19:13-36
38            android:label="@string/title_activity_main"
38-->src/main/AndroidManifest.xml:16:13-56
39            android:launchMode="singleTask"
39-->src/main/AndroidManifest.xml:18:13-44
40            android:theme="@style/AppTheme.NoActionBarLaunch" >
40-->src/main/AndroidManifest.xml:17:13-62
41            <intent-filter>
41-->src/main/AndroidManifest.xml:21:13-24:29
42                <action android:name="android.intent.action.MAIN" />
42-->src/main/AndroidManifest.xml:22:17-69
42-->src/main/AndroidManifest.xml:22:25-66
43
44                <category android:name="android.intent.category.LAUNCHER" />
44-->src/main/AndroidManifest.xml:23:17-77
44-->src/main/AndroidManifest.xml:23:27-74
45            </intent-filter>
46        </activity>
47
48        <provider
49            android:name="androidx.core.content.FileProvider"
49-->src/main/AndroidManifest.xml:29:13-62
50            android:authorities="com.rideeasy.admin.fileprovider"
50-->src/main/AndroidManifest.xml:30:13-64
51            android:exported="false"
51-->src/main/AndroidManifest.xml:31:13-37
52            android:grantUriPermissions="true" >
52-->src/main/AndroidManifest.xml:32:13-47
53            <meta-data
53-->src/main/AndroidManifest.xml:33:13-35:64
54                android:name="android.support.FILE_PROVIDER_PATHS"
54-->src/main/AndroidManifest.xml:34:17-67
55                android:resource="@xml/file_paths" />
55-->src/main/AndroidManifest.xml:35:17-51
56        </provider>
57
58        <service
58-->[com.google.mlkit:translate:17.0.2] AndroidManifest.xml:11:9-17:19
59            android:name="com.google.mlkit.common.internal.MlKitComponentDiscoveryService"
59-->[com.google.mlkit:translate:17.0.2] AndroidManifest.xml:12:13-91
60            android:directBootAware="true"
60-->[com.google.mlkit:common:18.10.0] AndroidManifest.xml:17:13-43
61            android:exported="false" >
61-->[com.google.mlkit:translate:17.0.2] AndroidManifest.xml:13:13-37
62            <meta-data
62-->[com.google.mlkit:translate:17.0.2] AndroidManifest.xml:14:13-16:85
63                android:name="com.google.firebase.components:com.google.mlkit.nl.translate.NaturalLanguageTranslateRegistrar"
63-->[com.google.mlkit:translate:17.0.2] AndroidManifest.xml:15:17-126
64                android:value="com.google.firebase.components.ComponentRegistrar" />
64-->[com.google.mlkit:translate:17.0.2] AndroidManifest.xml:16:17-82
65            <meta-data
65-->[com.google.mlkit:common:18.10.0] AndroidManifest.xml:20:13-22:85
66                android:name="com.google.firebase.components:com.google.mlkit.common.internal.CommonComponentRegistrar"
66-->[com.google.mlkit:common:18.10.0] AndroidManifest.xml:21:17-120
67                android:value="com.google.firebase.components.ComponentRegistrar" />
67-->[com.google.mlkit:common:18.10.0] AndroidManifest.xml:22:17-82
68        </service>
69
70        <provider
70-->[com.google.mlkit:common:18.10.0] AndroidManifest.xml:9:9-13:38
71            android:name="com.google.mlkit.common.internal.MlKitInitProvider"
71-->[com.google.mlkit:common:18.10.0] AndroidManifest.xml:10:13-78
72            android:authorities="com.rideeasy.admin.mlkitinitprovider"
72-->[com.google.mlkit:common:18.10.0] AndroidManifest.xml:11:13-69
73            android:exported="false"
73-->[com.google.mlkit:common:18.10.0] AndroidManifest.xml:12:13-37
74            android:initOrder="99" />
74-->[com.google.mlkit:common:18.10.0] AndroidManifest.xml:13:13-35
75
76        <activity
76-->[com.google.android.gms:play-services-base:18.1.0] AndroidManifest.xml:20:9-22:45
77            android:name="com.google.android.gms.common.api.GoogleApiActivity"
77-->[com.google.android.gms:play-services-base:18.1.0] AndroidManifest.xml:20:19-85
78            android:exported="false"
78-->[com.google.android.gms:play-services-base:18.1.0] AndroidManifest.xml:22:19-43
79            android:theme="@android:style/Theme.Translucent.NoTitleBar" />
79-->[com.google.android.gms:play-services-base:18.1.0] AndroidManifest.xml:21:19-78
80
81        <meta-data
81-->[com.google.android.gms:play-services-basement:18.1.0] AndroidManifest.xml:21:9-23:69
82            android:name="com.google.android.gms.version"
82-->[com.google.android.gms:play-services-basement:18.1.0] AndroidManifest.xml:22:13-58
83            android:value="@integer/google_play_services_version" />
83-->[com.google.android.gms:play-services-basement:18.1.0] AndroidManifest.xml:23:13-66
84
85        <provider
85-->[androidx.emoji2:emoji2:1.2.0] AndroidManifest.xml:24:9-32:20
86            android:name="androidx.startup.InitializationProvider"
86-->[androidx.emoji2:emoji2:1.2.0] AndroidManifest.xml:25:13-67
87            android:authorities="com.rideeasy.admin.androidx-startup"
87-->[androidx.emoji2:emoji2:1.2.0] AndroidManifest.xml:26:13-68
88            android:exported="false" >
88-->[androidx.emoji2:emoji2:1.2.0] AndroidManifest.xml:27:13-37
89            <meta-data
89-->[androidx.emoji2:emoji2:1.2.0] AndroidManifest.xml:29:13-31:52
90                android:name="androidx.emoji2.text.EmojiCompatInitializer"
90-->[androidx.emoji2:emoji2:1.2.0] AndroidManifest.xml:30:17-75
91                android:value="androidx.startup" />
91-->[androidx.emoji2:emoji2:1.2.0] AndroidManifest.xml:31:17-49
92            <meta-data
92-->[androidx.lifecycle:lifecycle-process:2.6.1] AndroidManifest.xml:29:13-31:52
93                android:name="androidx.lifecycle.ProcessLifecycleInitializer"
93-->[androidx.lifecycle:lifecycle-process:2.6.1] AndroidManifest.xml:30:17-78
94                android:value="androidx.startup" />
94-->[androidx.lifecycle:lifecycle-process:2.6.1] AndroidManifest.xml:31:17-49
95            <meta-data
95-->[androidx.profileinstaller:profileinstaller:1.3.0] AndroidManifest.xml:29:13-31:52
96                android:name="androidx.profileinstaller.ProfileInstallerInitializer"
96-->[androidx.profileinstaller:profileinstaller:1.3.0] AndroidManifest.xml:30:17-85
97                android:value="androidx.startup" />
97-->[androidx.profileinstaller:profileinstaller:1.3.0] AndroidManifest.xml:31:17-49
98        </provider>
99
100        <service
100-->[com.google.android.datatransport:transport-backend-cct:2.3.3] AndroidManifest.xml:29:9-35:19
101            android:name="com.google.android.datatransport.runtime.backends.TransportBackendDiscovery"
101-->[com.google.android.datatransport:transport-backend-cct:2.3.3] AndroidManifest.xml:30:13-103
102            android:exported="false" >
102-->[com.google.android.datatransport:transport-backend-cct:2.3.3] AndroidManifest.xml:31:13-37
103            <meta-data
103-->[com.google.android.datatransport:transport-backend-cct:2.3.3] AndroidManifest.xml:32:13-34:39
104                android:name="backend:com.google.android.datatransport.cct.CctBackendFactory"
104-->[com.google.android.datatransport:transport-backend-cct:2.3.3] AndroidManifest.xml:33:17-94
105                android:value="cct" />
105-->[com.google.android.datatransport:transport-backend-cct:2.3.3] AndroidManifest.xml:34:17-36
106        </service>
107        <service
107-->[com.google.android.datatransport:transport-runtime:2.2.6] AndroidManifest.xml:26:9-30:19
108            android:name="com.google.android.datatransport.runtime.scheduling.jobscheduling.JobInfoSchedulerService"
108-->[com.google.android.datatransport:transport-runtime:2.2.6] AndroidManifest.xml:27:13-117
109            android:exported="false"
109-->[com.google.android.datatransport:transport-runtime:2.2.6] AndroidManifest.xml:28:13-37
110            android:permission="android.permission.BIND_JOB_SERVICE" >
110-->[com.google.android.datatransport:transport-runtime:2.2.6] AndroidManifest.xml:29:13-69
111        </service>
112
113        <receiver
113-->[com.google.android.datatransport:transport-runtime:2.2.6] AndroidManifest.xml:32:9-34:40
114            android:name="com.google.android.datatransport.runtime.scheduling.jobscheduling.AlarmManagerSchedulerBroadcastReceiver"
114-->[com.google.android.datatransport:transport-runtime:2.2.6] AndroidManifest.xml:33:13-132
115            android:exported="false" />
115-->[com.google.android.datatransport:transport-runtime:2.2.6] AndroidManifest.xml:34:13-37
116        <receiver
116-->[androidx.profileinstaller:profileinstaller:1.3.0] AndroidManifest.xml:34:9-52:20
117            android:name="androidx.profileinstaller.ProfileInstallReceiver"
117-->[androidx.profileinstaller:profileinstaller:1.3.0] AndroidManifest.xml:35:13-76
118            android:directBootAware="false"
118-->[androidx.profileinstaller:profileinstaller:1.3.0] AndroidManifest.xml:36:13-44
119            android:enabled="true"
119-->[androidx.profileinstaller:profileinstaller:1.3.0] AndroidManifest.xml:37:13-35
120            android:exported="true"
120-->[androidx.profileinstaller:profileinstaller:1.3.0] AndroidManifest.xml:38:13-36
121            android:permission="android.permission.DUMP" >
121-->[androidx.profileinstaller:profileinstaller:1.3.0] AndroidManifest.xml:39:13-57
122            <intent-filter>
122-->[androidx.profileinstaller:profileinstaller:1.3.0] AndroidManifest.xml:40:13-42:29
123                <action android:name="androidx.profileinstaller.action.INSTALL_PROFILE" />
123-->[androidx.profileinstaller:profileinstaller:1.3.0] AndroidManifest.xml:41:17-91
123-->[androidx.profileinstaller:profileinstaller:1.3.0] AndroidManifest.xml:41:25-88
124            </intent-filter>
125            <intent-filter>
125-->[androidx.profileinstaller:profileinstaller:1.3.0] AndroidManifest.xml:43:13-45:29
126                <action android:name="androidx.profileinstaller.action.SKIP_FILE" />
126-->[androidx.profileinstaller:profileinstaller:1.3.0] AndroidManifest.xml:44:17-85
126-->[androidx.profileinstaller:profileinstaller:1.3.0] AndroidManifest.xml:44:25-82
127            </intent-filter>
128            <intent-filter>
128-->[androidx.profileinstaller:profileinstaller:1.3.0] AndroidManifest.xml:46:13-48:29
129                <action android:name="androidx.profileinstaller.action.SAVE_PROFILE" />
129-->[androidx.profileinstaller:profileinstaller:1.3.0] AndroidManifest.xml:47:17-88
129-->[androidx.profileinstaller:profileinstaller:1.3.0] AndroidManifest.xml:47:25-85
130            </intent-filter>
131            <intent-filter>
131-->[androidx.profileinstaller:profileinstaller:1.3.0] AndroidManifest.xml:49:13-51:29
132                <action android:name="androidx.profileinstaller.action.BENCHMARK_OPERATION" />
132-->[androidx.profileinstaller:profileinstaller:1.3.0] AndroidManifest.xml:50:17-95
132-->[androidx.profileinstaller:profileinstaller:1.3.0] AndroidManifest.xml:50:25-92
133            </intent-filter>
134        </receiver>
135    </application>
136
137</manifest>